Determining if the pthread_create exist failed with the following output:
Change Dir: /home/chris/RoVi_gazebo/build/rotors_gazebo/CMakeFiles/CMakeTmp

Run Build Command:"/usr/bin/make" "cmTC_e2eee/fast"
/usr/bin/make -f CMakeFiles/cmTC_e2eee.dir/build.make CMakeFiles/cmTC_e2eee.dir/build
make[1]: Entering directory '/home/chris/RoVi_gazebo/build/rotors_gazebo/CMakeFiles/CMakeTmp'
Building C object CMakeFiles/cmTC_e2eee.dir/CheckSymbolExists.c.o
/usr/bin/cc    -o CMakeFiles/cmTC_e2eee.dir/CheckSymbolExists.c.o   -c /home/chris/RoVi_gazebo/build/rotors_gazebo/CMakeFiles/CMakeTmp/CheckSymbolExists.c
Linking C executable cmTC_e2eee
/usr/bin/cmake -E cmake_link_script CMakeFiles/cmTC_e2eee.dir/link.txt --verbose=1
/usr/bin/cc      -rdynamic CMakeFiles/cmTC_e2eee.dir/CheckSymbolExists.c.o  -o cmTC_e2eee 
CMakeFiles/cmTC_e2eee.dir/CheckSymbolExists.c.o: In function `main':
CheckSymbolExists.c:(.text+0x1b): undefined reference to `pthread_create'
collect2: error: ld returned 1 exit status
CMakeFiles/cmTC_e2eee.dir/build.make:97: recipe for target 'cmTC_e2eee' failed
make[1]: *** [cmTC_e2eee] Error 1
make[1]: Leaving directory '/home/chris/RoVi_gazebo/build/rotors_gazebo/CMakeFiles/CMakeTmp'
Makefile:126: recipe for target 'cmTC_e2eee/fast' failed
make: *** [cmTC_e2eee/fast] Error 2

File /home/chris/RoVi_gazebo/build/rotors_gazebo/CMakeFiles/CMakeTmp/CheckSymbolExists.c:
/* */
#include <pthread.h>

int main(int argc, char** argv)
{
  (void)argv;
#ifndef pthread_create
  return ((int*)(&pthread_create))[argc];
#else
  (void)argc;
  return 0;
#endif
}

Determining if the function pthread_create exists in the pthreads failed with the following output:
Change Dir: /home/chris/RoVi_gazebo/build/rotors_gazebo/CMakeFiles/CMakeTmp

Run Build Command:"/usr/bin/make" "cmTC_b5c10/fast"
/usr/bin/make -f CMakeFiles/cmTC_b5c10.dir/build.make CMakeFiles/cmTC_b5c10.dir/build
make[1]: Entering directory '/home/chris/RoVi_gazebo/build/rotors_gazebo/CMakeFiles/CMakeTmp'
Building C object CMakeFiles/cmTC_b5c10.dir/CheckFunctionExists.c.o
/usr/bin/cc   -DCHECK_FUNCTION_EXISTS=pthread_create   -o CMakeFiles/cmTC_b5c10.dir/CheckFunctionExists.c.o   -c /usr/share/cmake-3.10/Modules/CheckFunctionExists.c
Linking C executable cmTC_b5c10
/usr/bin/cmake -E cmake_link_script CMakeFiles/cmTC_b5c10.dir/link.txt --verbose=1
/usr/bin/cc  -DCHECK_FUNCTION_EXISTS=pthread_create    -rdynamic CMakeFiles/cmTC_b5c10.dir/CheckFunctionExists.c.o  -o cmTC_b5c10 -lpthreads 
/usr/bin/ld: cannot find -lpthreads
collect2: error: ld returned 1 exit status
CMakeFiles/cmTC_b5c10.dir/build.make:97: recipe for target 'cmTC_b5c10' failed
make[1]: *** [cmTC_b5c10] Error 1
make[1]: Leaving directory '/home/chris/RoVi_gazebo/build/rotors_gazebo/CMakeFiles/CMakeTmp'
Makefile:126: recipe for target 'cmTC_b5c10/fast' failed
make: *** [cmTC_b5c10/fast] Error 2


